<?xml version="1.0" encoding="UTF-8"?>
<!-- Generated by org.testng.reporters.JUnitReportReporter -->
<testsuite hostname="Venky" failures="0" tests="3" name="kynevtic.Test.VerifyProductPresence" time="31.846" errors="0" timestamp="2025-10-01T19:48:51 IST" skipped="0">
  <testcase classname="kynevtic.Test.VerifyProductPresence" name="verifyActualProductInCart" time="9.944"/>
  <testcase classname="kynevtic.Test.VerifyProductPresence" name="verifyProductInCart" time="18.789"/>
  <testcase classname="kynevtic.Test.VerifyProductPresence" name="verifyProductPresenceTest" time="3.113"/>
</testsuite> <!-- kynevtic.Test.VerifyProductPresence -->
