<?xml version="1.0" encoding="UTF-8"?>
<!-- Generated by org.testng.reporters.JUnitReportReporter -->
<testsuite hostname="Venky" failures="0" tests="1" name="kynevtic.Test.FailedLogin" time="1.422" errors="0" timestamp="2025-10-01T19:48:51 IST" skipped="0">
  <testcase classname="kynevtic.Test.FailedLogin" name="loginFailTest" time="1.422"/>
</testsuite> <!-- kynevtic.Test.FailedLogin -->
