<?xml version="1.0" encoding="UTF-8"?>
<!-- Generated by org.testng.reporters.JUnitReportReporter -->
<testsuite hostname="Venky" failures="0" tests="1" name="kynevtic.Test.FailedLogin" time="1.821" errors="0" timestamp="2025-10-03T13:55:56 IST" skipped="0">
  <testcase classname="kynevtic.Test.FailedLogin" name="loginFailTest" time="1.821"/>
</testsuite> <!-- kynevtic.Test.FailedLogin -->
